#
# There is insufficient memory for the Java Runtime Environment to continue.
# Native memory allocation (mmap) failed to map 266338304 bytes for G1 virtual space
# Possible reasons:
#   The system is out of physical RAM or swap space
#   The process is running with CompressedOops enabled, and the Java Heap may be blocking the growth of the native heap
# Possible solutions:
#   Reduce memory load on the system
#   Increase physical memory or swap space
#   Check if swap backing store is full
#   Decrease Java heap size (-Xmx/-Xms)
#   Decrease number of Java threads
#   Decrease Java thread stack sizes (-Xss)
#   Set larger code cache with -XX:ReservedCodeCacheSize=
#   JVM is running with Zero Based Compressed Oops mode in which the Java heap is
#     placed in the first 32GB address space. The Java Heap base address is the
#     maximum limit for the native heap growth. Please use -XX:HeapBaseMinAddress
#     to set the Java Heap base and to place the Java Heap above 32GB virtual address.
# This output file may be truncated or incomplete.
#
#  Out of Memory Error (os_windows.cpp:3550), pid=14712, tid=17512
#
# JRE version:  (17.0.7+8) (build )
# Java VM: Java HotSpot(TM) 64-Bit Server VM (17.0.7+8-LTS-224, mixed mode, sharing, tiered, compressed oops, compressed class ptrs, g1 gc, windows-amd64)
# No core dump will be written. Minidumps are not enabled by default on client versions of Windows
#

---------------  S U M M A R Y ------------

Command Line: -Dclassworlds.conf=C:\Program Files\NetBeans-12.0\netbeans\java\maven\bin\..\bin\m2.conf -Dmaven.home=C:\Program Files\NetBeans-12.0\netbeans\java\maven\bin\.. -Dlibrary.jansi.path=C:\Program Files\NetBeans-12.0\netbeans\java\maven\bin\..\lib\jansi-native -Dmaven.multiModuleProjectDirectory=C:\Users\SYSCOM\Documents\NetBeansProjects\mavenproject3 org.codehaus.plexus.classworlds.launcher.Launcher -Dexec.args=-classpath %classpath com.mycompany.mavenproject3.Rules1 -Dexec.executable=C:\Program Files\Java\jdk-17\bin\java.exe -Dexec.classpathScope=runtime -Dmaven.ext.class.path=C:\Users\SYSCOM\AppData\Roaming\NetBeans\12.0\maven-nblib\netbeans-eventspy.jar -Dfile.encoding=UTF-8 org.codehaus.mojo:exec-maven-plugin:1.5.0:exec

Host: Intel(R) Core(TM) i7-10510U CPU @ 1.80GHz, 8 cores, 15G,  Windows 11 , 64 bit Build 22621 (10.0.22621.2428)
Time: Fri Nov 10 17:41:09 2023 West Bank Gaza Standard Time elapsed time: 0.013493 seconds (0d 0h 0m 0s)

---------------  T H R E A D  ---------------

Current thread (0x0000020ac8cafd40):  JavaThread "Unknown thread" [_thread_in_vm, id=17512, stack(0x0000005727200000,0x0000005727300000)]

Stack: [0x0000005727200000,0x0000005727300000]
Native frames: (J=compiled Java code, j=interpreted, Vv=VM code, C=native code)
V  [jvm.dll+0x676a4a]
V  [jvm.dll+0x7d74f4]
V  [jvm.dll+0x7d8c9e]
V  [jvm.dll+0x7d9303]
V  [jvm.dll+0x2452c5]
V  [jvm.dll+0x6738f9]
V  [jvm.dll+0x668232]
V  [jvm.dll+0x302826]
V  [jvm.dll+0x309da6]
V  [jvm.dll+0x35952e]
V  [jvm.dll+0x35975f]
V  [jvm.dll+0x2d9a38]
V  [jvm.dll+0x2da9a4]
V  [jvm.dll+0x7a8fb1]
V  [jvm.dll+0x3670e1]
V  [jvm.dll+0x788359]
V  [jvm.dll+0x3ea5ef]
V  [jvm.dll+0x3ec071]
C  [jli.dll+0x5297]
C  [ucrtbase.dll+0x29363]
C  [KERNEL32.DLL+0x1257d]
C  [ntdll.dll+0x5aa78]


---------------  P R O C E S S  ---------------

Threads class SMR info:
_java_thread_list=0x00007ffcaeb14998, length=0, elements={
}

Java Threads: ( => current thread )

Other Threads:
  0x0000020ac8d1eae0 GCTaskThread "GC Thread#0" [stack: 0x0000005727300000,0x0000005727400000] [id=13008]
  0x0000020ac8d2f6b0 ConcurrentGCThread "G1 Main Marker" [stack: 0x0000005727400000,0x0000005727500000] [id=4392]
  0x0000020ac8d31780 ConcurrentGCThread "G1 Conc#0" [stack: 0x0000005727500000,0x0000005727600000] [id=18016]

[error occurred during error reporting (printing all threads), id 0xc0000005, EXCEPTION_ACCESS_VIOLATION (0xc0000005) at pc=0x00007ffcae34a697]

VM state: not at safepoint (not fully initialized)

VM Mutex/Monitor currently owned by a thread:  ([mutex/lock_event])
[0x0000020ac8cab520] Heap_lock - owner thread: 0x0000020ac8cafd40

Heap address: 0x0000000702800000, size: 4056 MB, Compressed Oops mode: Zero based, Oop shift amount: 3

CDS archive(s) mapped at: [0x0000000000000000-0x0000000000000000-0x0000000000000000), size 0, SharedBaseAddress: 0x0000000800000000, ArchiveRelocationMode: 0.
Narrow klass base: 0x0000000000000000, Narrow klass shift: 0, Narrow klass range: 0x0

GC Precious Log:
<Empty>

Heap:
 garbage-first heap   total 0K, used 0K [0x0000000702800000, 0x0000000800000000)
  region size 2048K, 0 young (0K), 0 survivors (0K)

[error occurred during error reporting (printing heap information), id 0xc0000005, EXCEPTION_ACCESS_VIOLATION (0xc0000005) at pc=0x00007ffcae7300b9]

GC Heap History (0 events):
No events

Deoptimization events (0 events):
No events

Classes unloaded (0 events):
No events

Classes redefined (0 events):
No events

Internal exceptions (0 events):
No events

VM Operations (0 events):
No events

Events (1 events):
Event: 0.007 Loaded shared library C:\Program Files\Java\jdk-17\bin\java.dll


Dynamic libraries:
0x00007ff739550000 - 0x00007ff739560000 	C:\Program Files\Java\jdk-17\bin\java.exe
0x00007ffd36db0000 - 0x00007ffd36fc7000 	C:\WINDOWS\SYSTEM32\ntdll.dll
0x00007ffd365b0000 - 0x00007ffd36674000 	C:\WINDOWS\System32\KERNEL32.DLL
0x00007ffd346b0000 - 0x00007ffd34a56000 	C:\WINDOWS\System32\KERNELBASE.dll
0x00007ffd341a0000 - 0x00007ffd342b1000 	C:\WINDOWS\System32\ucrtbase.dll
0x00007ffd30be0000 - 0x00007ffd30bfb000 	C:\Program Files\Java\jdk-17\bin\VCRUNTIME140.dll
0x00007ffd1a050000 - 0x00007ffd1a069000 	C:\Program Files\Java\jdk-17\bin\jli.dll
0x00007ffd34d30000 - 0x00007ffd34de0000 	C:\WINDOWS\System32\ADVAPI32.dll
0x00007ffd34c80000 - 0x00007ffd34d27000 	C:\WINDOWS\System32\msvcrt.dll
0x00007ffd36cc0000 - 0x00007ffd36d66000 	C:\WINDOWS\System32\sechost.dll
0x00007ffd36b70000 - 0x00007ffd36c87000 	C:\WINDOWS\System32\RPCRT4.dll
0x00007ffd358e0000 - 0x00007ffd35a8d000 	C:\WINDOWS\System32\USER32.dll
0x00007ffd34ae0000 - 0x00007ffd34b06000 	C:\WINDOWS\System32\win32u.dll
0x00007ffd1fed0000 - 0x00007ffd20163000 	C:\WINDOWS\WinSxS\amd64_microsoft.windows.common-controls_6595b64144ccf1df_6.0.22621.2361_none_2712ced57382f843\COMCTL32.dll
0x00007ffd36250000 - 0x00007ffd36279000 	C:\WINDOWS\System32\GDI32.dll
0x00007ffd34380000 - 0x00007ffd34498000 	C:\WINDOWS\System32\gdi32full.dll
0x00007ffd344a0000 - 0x00007ffd3453a000 	C:\WINDOWS\System32\msvcp_win.dll
0x00007ffd2d820000 - 0x00007ffd2d82a000 	C:\WINDOWS\SYSTEM32\VERSION.dll
0x00007ffd35030000 - 0x00007ffd35061000 	C:\WINDOWS\System32\IMM32.DLL
0x00007ffd30bc0000 - 0x00007ffd30bcc000 	C:\Program Files\Java\jdk-17\bin\vcruntime140_1.dll
0x00007ffceb1f0000 - 0x00007ffceb27e000 	C:\Program Files\Java\jdk-17\bin\msvcp140.dll
0x00007ffcae060000 - 0x00007ffcaec3d000 	C:\Program Files\Java\jdk-17\bin\server\jvm.dll
0x00007ffd34b10000 - 0x00007ffd34b18000 	C:\WINDOWS\System32\PSAPI.DLL
0x00007ffd2d990000 - 0x00007ffd2d9c4000 	C:\WINDOWS\SYSTEM32\WINMM.dll
0x00007ffd15910000 - 0x00007ffd15919000 	C:\WINDOWS\SYSTEM32\WSOCK32.dll
0x00007ffd36520000 - 0x00007ffd36591000 	C:\WINDOWS\System32\WS2_32.dll
0x00007ffd33110000 - 0x00007ffd33128000 	C:\WINDOWS\SYSTEM32\kernel.appcore.dll
0x00007ffd30bb0000 - 0x00007ffd30bba000 	C:\Program Files\Java\jdk-17\bin\jimage.dll
0x00007ffd31aa0000 - 0x00007ffd31cce000 	C:\WINDOWS\SYSTEM32\DBGHELP.DLL
0x00007ffd35de0000 - 0x00007ffd3616a000 	C:\WINDOWS\System32\combase.dll
0x00007ffd34f30000 - 0x00007ffd35007000 	C:\WINDOWS\System32\OLEAUT32.dll
0x00007ffd0f3f0000 - 0x00007ffd0f422000 	C:\WINDOWS\SYSTEM32\dbgcore.DLL
0x00007ffd34a60000 - 0x00007ffd34ada000 	C:\WINDOWS\System32\bcryptPrimitives.dll
0x00007ffd2edc0000 - 0x00007ffd2ede5000 	C:\Program Files\Java\jdk-17\bin\java.dll

dbghelp: loaded successfully - version: 4.0.5 - missing functions: none
symbol engine: initialized successfully - sym options: 0x614 - pdb path: .;C:\Program Files\Java\jdk-17\bin;C:\WINDOWS\SYSTEM32;C:\WINDOWS\WinSxS\amd64_microsoft.windows.common-controls_6595b64144ccf1df_6.0.22621.2361_none_2712ced57382f843;C:\Program Files\Java\jdk-17\bin\server

VM Arguments:
jvm_args: -Dclassworlds.conf=C:\Program Files\NetBeans-12.0\netbeans\java\maven\bin\..\bin\m2.conf -Dmaven.home=C:\Program Files\NetBeans-12.0\netbeans\java\maven\bin\.. -Dlibrary.jansi.path=C:\Program Files\NetBeans-12.0\netbeans\java\maven\bin\..\lib\jansi-native -Dmaven.multiModuleProjectDirectory=C:\Users\SYSCOM\Documents\NetBeansProjects\mavenproject3 
java_command: org.codehaus.plexus.classworlds.launcher.Launcher -Dexec.args=-classpath %classpath com.mycompany.mavenproject3.Rules1 -Dexec.executable=C:\Program Files\Java\jdk-17\bin\java.exe -Dexec.classpathScope=runtime -Dmaven.ext.class.path=C:\Users\SYSCOM\AppData\Roaming\NetBeans\12.0\maven-nblib\netbeans-eventspy.jar -Dfile.encoding=UTF-8 org.codehaus.mojo:exec-maven-plugin:1.5.0:exec
java_class_path (initial): C:\Program Files\NetBeans-12.0\netbeans\java\maven\bin\..\boot\plexus-classworlds-2.6.0.jar
Launcher Type: SUN_STANDARD

[Global flags]
     intx CICompilerCount                          = 4                                         {product} {ergonomic}
     uint ConcGCThreads                            = 2                                         {product} {ergonomic}
     uint G1ConcRefinementThreads                  = 8                                         {product} {ergonomic}
   size_t G1HeapRegionSize                         = 2097152                                   {product} {ergonomic}
    uintx GCDrainStackTargetSize                   = 64                                        {product} {ergonomic}
   size_t InitialHeapSize                          = 266338304                                 {product} {ergonomic}
   size_t MarkStackSize                            = 4194304                                   {product} {ergonomic}
   size_t MaxHeapSize                              = 4253024256                                {product} {ergonomic}
   size_t MinHeapDeltaBytes                        = 2097152                                   {product} {ergonomic}
   size_t MinHeapSize                              = 8388608                                   {product} {ergonomic}
    uintx NonNMethodCodeHeapSize                   = 5839372                                {pd product} {ergonomic}
    uintx NonProfiledCodeHeapSize                  = 122909434                              {pd product} {ergonomic}
    uintx ProfiledCodeHeapSize                     = 122909434                              {pd product} {ergonomic}
    uintx ReservedCodeCacheSize                    = 251658240                              {pd product} {ergonomic}
     bool SegmentedCodeCache                       = true                                      {product} {ergonomic}
   size_t SoftMaxHeapSize                          = 4253024256                             {manageable} {ergonomic}
     bool UseCompressedClassPointers               = true                           {product lp64_product} {ergonomic}
     bool UseCompressedOops                        = true                           {product lp64_product} {ergonomic}
     bool UseG1GC                                  = true                                      {product} {ergonomic}
     bool UseLargePagesIndividualAllocation        = false                                  {pd product} {ergonomic}

Logging:
Log output configuration:
 #0: stdout all=warning uptime,level,tags
 #1: stderr all=off uptime,level,tags

Environment Variables:
JAVA_HOME=C:\Program Files\Java\jdk-17
PATH=C:\APP\home\bin;C:\Program Files\Common Files\Oracle\Java\javapath;C:\Program Files (x86)\Common Files\Oracle\Java\javapath;C:\WINDOWS\system32;C:\WINDOWS;C:\WINDOWS\System32\Wbem;C:\WINDOWS\System32\WindowsPowerShell\v1.0\;C:\WINDOWS\System32\OpenSSH\;C:\Program Files\Microsoft SQL Server\130\Tools\Binn\;C:\xampp\php;C:\Program Files\Java\jdk-18.0.2\bin;;C:\Program Files (x86)\Microchip\xc8\v1.37\bin;C:\Program Files\Microsoft SQL Server\150\Tools\Binn\;C:\Program Files\dotnet\;C:\Program Files (x86)\Windows Kits\10\Windows Performance Toolkit\;C:\Program Files (x86)\Microchip\xc8\v1.45\bin;C:\Users\SYSCOM\AppData\Local\Microsoft\WindowsApps;;C:\Users\SYSCOM\AppData\Local\Programs\Microsoft VS Code\bin;C:\Program Files\JetBrains\IntelliJ IDEA Community Edition 2023.2\bin;;C:\Users\SYSCOM\.dotnet\tools
USERNAME=SYSCOM
OS=Windows_NT
PROCESSOR_IDENTIFIER=Intel64 Family 6 Model 142 Stepping 12, GenuineIntel



---------------  S Y S T E M  ---------------

OS:
 Windows 11 , 64 bit Build 22621 (10.0.22621.2428)
OS uptime: 0 days 3:34 hours

CPU: total 8 (initial active 8) (4 cores per cpu, 2 threads per core) family 6 model 142 stepping 12 microcode 0xf8, cx8, cmov, fxsr, ht, mmx, 3dnowpref, sse, sse2, sse3, ssse3, sse4.1, sse4.2, popcnt, lzcnt, tsc, tscinvbit, avx, avx2, aes, erms, clmul, bmi1, bmi2, adx, fma, vzeroupper, clflush, clflushopt

Memory: 4k page, system-wide physical 16221M (7028M free)
TotalPageFile size 26836M (AvailPageFile size 13M)
current process WorkingSet (physical memory assigned to process): 11M, peak: 11M
current process commit charge ("private bytes"): 60M, peak: 314M

vm_info: Java HotSpot(TM) 64-Bit Server VM (17.0.7+8-LTS-224) for windows-amd64 JRE (17.0.7+8-LTS-224), built on Feb 28 2023 23:03:02 by "mach5one" with MS VC++ 17.1 (VS2022)

END.
